miniprogram-to-uniapp v2 转换日志

工具版本：v2.0.18
转换模式：HBuilder X
是否合并css：是
项目 'HinghwaDict-frontend' 开始转换...
sourceFolder = D:/大三/HinghwaDict/HinghwaDict-frontend
搜索到203个文件，耗时：2ms

还真有数组啊。。。 isCustom
还真有数组啊。。。 isBack
还真有数组啊。。。 isCustom
还真有数组啊。。。 isBack
还真有数组啊。。。 isCustom
还真有数组啊。。。 isBack
还真有数组啊。。。 isCustom
还真有数组啊。。。 isBack
还真有数组啊。。。 isCustom
还真有数组啊。。。 isBack
还真有数组啊。。。 isCustom
还真有数组啊。。。 isBack
还真有数组啊。。。 isCustom
还真有数组啊。。。 isBack
还真有数组啊。。。 isCustom
还真有数组啊。。。 isBack
还真有数组啊。。。 isCustom
还真有数组啊。。。 isBack
还真有数组啊。。。 isCustom
还真有数组啊。。。 isBack
还真有数组啊。。。 isCustom
还真有数组啊。。。 isBack
还真有数组啊。。。 isCustom
还真有数组啊。。。 isBack
还真有数组啊。。。 isCustom
还真有数组啊。。。 isBack
还真有数组啊。。。 isCustom
还真有数组啊。。。 isBack
还真有数组啊。。。 isCustom
还真有数组啊。。。 isBack
还真有数组啊。。。 isCustom
还真有数组啊。。。 isBack
还真有数组啊。。。 isCustom
还真有数组啊。。。 isBack
还真有数组啊。。。 isCustom
还真有数组啊。。。 isBack
还真有数组啊。。。 isCustom
还真有数组啊。。。 isBack
还真有数组啊。。。 isCustom
还真有数组啊。。。 isBack
还真有数组啊。。。 isCustom
还真有数组啊。。。 isBack
write pages.json success!
write manifest.json success!
write main.js success!


统计信息：

vue文件数量: 36
支付api数量: 0
登录api数量: 5

恭喜你，转换完成！
用时: 21.241s
在该小程序项目的同级目录可以看到_uni结尾的项目，即是转换好的uniapp项目，相关日志在该目录里。

注：
    1.因各种原因，本工具并非100%完美转换！有问题实属正常！
    2.如遇运行报错，请添加QQ群(780359397、361784059、603659851)带图反馈或https://github.com/zhangdaren/miniprogram-to-uniapp提交Issue！


hbxExecutableProgram  C:\Users\sheeplin\AppData\Local\HBuilderX\HBuilderX.exe
stdout: 
stderr: 
call deactive uni_modules
call deactive hbuilderx-language-services
call deactive unicloud
call deactive uniapp-basic
call deactive miniprogram-to-uniapp
[TypeScript] [Info  - 14:41:09.177] TSServer exited
[TypeScript] [Info  - 14:41:09.178] Starting TS Server 
[TypeScript] [Info  - 14:41:09.178] Not starting server. Disposed 
